Using pre-set license

 COMMAND LINE ARGUMENTS:
/Applications/Unity/Hub/Editor/2020.2.1f1/Unity.app/Contents/MacOS/Unity
-adb2
-batchMode
-noUpm
-name
AssetImportWorker0
-projectPath
/Users/wileywiggins/Development/Thicket/Prototype
-logFile
Logs/AssetImportWorker0.log
-srvPort
55857
Successfully changed project path to: /Users/wileywiggins/Development/Thicket/Prototype
/Users/wileywiggins/Development/Thicket/Prototype
Using Asset Import Pipeline V2.
Refreshing native plugins compatible for Editor in 70.25 ms, found 1 plugins.
Preloading 0 native plugins for Editor in 0.00 ms.
Initialize engine version: 2020.2.1f1 (270dd8c3da1c)
[Subsystems] Discovering subsystems at path /Applications/Unity/Hub/Editor/2020.2.1f1/Unity.app/Contents/Resources/UnitySubsystems
[Subsystems] Discovering subsystems at path /Users/wileywiggins/Development/Thicket/Prototype/Assets
GfxDevice: creating device client; threaded=0
2021-01-18 15:54:10.143 Unity[9923:250445] Color LCD preferred device: AMD Radeon Pro Vega 20 (high power)
2021-01-18 15:54:10.143 Unity[9923:250445] Metal devices available: 2
2021-01-18 15:54:10.143 Unity[9923:250445] 0: AMD Radeon Pro Vega 20 (high power)
2021-01-18 15:54:10.143 Unity[9923:250445] 1: Intel(R) UHD Graphics 630 (low power)
2021-01-18 15:54:10.146 Unity[9923:250445] Using device AMD Radeon Pro Vega 20 (high power)
Initializing Metal device caps: AMD Radeon Pro Vega 20
Initialize mono
Mono path[0] = '/Applications/Unity/Hub/Editor/2020.2.1f1/Unity.app/Contents/Managed'
Mono path[1] = '/Applications/Unity/Hub/Editor/2020.2.1f1/Unity.app/Contents/MonoBleedingEdge/lib/mono/unityjit'
Mono config path = '/Applications/Unity/Hub/Editor/2020.2.1f1/Unity.app/Contents/MonoBleedingEdge/etc'
Using monoOptions --debugger-agent=transport=dt_socket,embedding=1,server=y,suspend=n,address=127.0.0.1:56923
Begin MonoManager ReloadAssembly
Registering precompiled unity dll's ...
Register platform support module: /Applications/Unity/Hub/Editor/2020.2.1f1/PlaybackEngines/WebGLSupport/UnityEditor.WebGL.Extensions.dll
Register platform support module: /Applications/Unity/Hub/Editor/2020.2.1f1/Unity.app/Contents/PlaybackEngines/MacStandaloneSupport/UnityEditor.OSXStandalone.Extensions.dll
Register platform support module: /Applications/Unity/Hub/Editor/2020.2.1f1/PlaybackEngines/WindowsStandaloneSupport/UnityEditor.WindowsStandalone.Extensions.dll
Registered in 0.001789 seconds.
Native extension for WindowsStandalone target not found
Native extension for OSXStandalone target not found
Native extension for WebGL target not found
Refreshing native plugins compatible for Editor in 67.06 ms, found 1 plugins.
Preloading 0 native plugins for Editor in 0.00 ms.
Invoked RoslynAnalysisRunner static constructor.
RoslynAnalysisRunner will not be running.
RoslynAnalysisRunner has terminated.
Mono: successfully reloaded assembly
- Completed reload, in  3.499 seconds
Platform modules already initialized, skipping
Registering precompiled user dll's ...
Registered in 0.002853 seconds.
Begin MonoManager ReloadAssembly
Native extension for WindowsStandalone target not found
Native extension for OSXStandalone target not found
Native extension for WebGL target not found
Refreshing native plugins compatible for Editor in 0.83 ms, found 1 plugins.
Preloading 0 native plugins for Editor in 0.00 ms.
Invoked RoslynAnalysisRunner static constructor.
RoslynAnalysisRunner will not be running.
RoslynAnalysisRunner has terminated.
Mono: successfully reloaded assembly
- Completed reload, in  1.816 seconds
Platform modules already initialized, skipping
========================================================================
Worker process is ready to serve import requests
Launching external process: /Applications/Unity/Hub/Editor/2020.2.1f1/Unity.app/Contents/Tools/UnityShaderCompiler
Launched and connected shader compiler UnityShaderCompiler after 0.03 seconds
Refreshing native plugins compatible for Editor in 0.81 ms, found 1 plugins.
Preloading 0 native plugins for Editor in 0.00 ms.
Unloading 1662 Unused Serialized files (Serialized files now loaded: 0)
System memory in use before: 140.7 MB.
System memory in use after: 140.8 MB.

Unloading 37 unused Assets to reduce memory usage. Loaded Objects now: 2094.
Total: 2.261143 ms (FindLiveObjects: 0.224018 ms CreateObjectMapping: 0.081773 ms MarkObjects: 1.881543 ms  DeleteObjects: 0.072507 ms)

========================================================================
Received Import Request.
  path: Assets/Prefabs/Bramble.prefab
  artifactKey: Guid(6b5f5adbab58a44c3838b24c82c7d0a3) Importer(815301076,1909f56bfc062723c751e8b465ee728b)
Start importing Assets/Prefabs/Bramble.prefab using Guid(6b5f5adbab58a44c3838b24c82c7d0a3) Importer(815301076,1909f56bfc062723c751e8b465ee728b)  -> (artifact id: '45550b432f5e34d08cdae70d9e17ca0f') in 1.706905 seconds
  Import took 1.712315 seconds .

========================================================================
Received Import Request.
  Time since last request: 0.000409 seconds.
  path: Assets/Prefabs/Bramble_2.prefab
  artifactKey: Guid(af343c09b875b498d9e24922ae5545d9) Importer(815301076,1909f56bfc062723c751e8b465ee728b)
Start importing Assets/Prefabs/Bramble_2.prefab using Guid(af343c09b875b498d9e24922ae5545d9) Importer(815301076,1909f56bfc062723c751e8b465ee728b)  -> (artifact id: 'd4cf9570539e295fcf81a2e0046a345f') in 0.015100 seconds
  Import took 0.020540 seconds .

========================================================================
Received Import Request.
  Time since last request: 3.275905 seconds.
  path: Assets/Prefabs/Bramble_3.prefab
  artifactKey: Guid(15d8b6832306d448eb122a60e0a3e0fe) Importer(815301076,1909f56bfc062723c751e8b465ee728b)
Start importing Assets/Prefabs/Bramble_3.prefab using Guid(15d8b6832306d448eb122a60e0a3e0fe) Importer(815301076,1909f56bfc062723c751e8b465ee728b)  -> (artifact id: '7e8ecb7b72caa502d7614a3060668dd9') in 0.013036 seconds
  Import took 0.017440 seconds .

========================================================================
Received Import Request.
  Time since last request: 5.451253 seconds.
  path: Assets/Prefabs/Bramble_4.prefab
  artifactKey: Guid(edcfb2843570643f88ac8d927d27ecf3) Importer(815301076,1909f56bfc062723c751e8b465ee728b)
Start importing Assets/Prefabs/Bramble_4.prefab using Guid(edcfb2843570643f88ac8d927d27ecf3) Importer(815301076,1909f56bfc062723c751e8b465ee728b)  -> (artifact id: '991ff815a790024e2148b371a813e674') in 0.012292 seconds
  Import took 0.017665 seconds .

========================================================================
Received Import Request.
  Time since last request: 3.781268 seconds.
  path: Assets/Prefabs/Bramble_4.prefab
  artifactKey: Guid(edcfb2843570643f88ac8d927d27ecf3) Importer(815301076,1909f56bfc062723c751e8b465ee728b)
Start importing Assets/Prefabs/Bramble_4.prefab using Guid(edcfb2843570643f88ac8d927d27ecf3) Importer(815301076,1909f56bfc062723c751e8b465ee728b)  -> (artifact id: 'd9e767c16e68764d4e96fce8f2725019') in 0.011508 seconds
  Import took 0.015940 seconds .

========================================================================
Received Prepare
Registering precompiled user dll's ...
Registered in 0.002258 seconds.
Begin MonoManager ReloadAssembly
Native extension for WindowsStandalone target not found
Native extension for OSXStandalone target not found
Native extension for WebGL target not found
Refreshing native plugins compatible for Editor in 0.89 ms, found 1 plugins.
Preloading 0 native plugins for Editor in 0.00 ms.
Invoked RoslynAnalysisRunner static constructor.
RoslynAnalysisRunner will not be running.
RoslynAnalysisRunner has terminated.
Mono: successfully reloaded assembly
- Completed reload, in  1.701 seconds
Platform modules already initialized, skipping
Refreshing native plugins compatible for Editor in 0.94 ms, found 1 plugins.
Preloading 0 native plugins for Editor in 0.00 ms.
Unloading 1629 Unused Serialized files (Serialized files now loaded: 0)
System memory in use before: 146.7 MB.
System memory in use after: 146.8 MB.

Unloading 28 unused Assets to reduce memory usage. Loaded Objects now: 2103.
Total: 3.790461 ms (FindLiveObjects: 0.390756 ms CreateObjectMapping: 0.118823 ms MarkObjects: 3.242959 ms  DeleteObjects: 0.035952 ms)

========================================================================
Received Prepare
Registering precompiled user dll's ...
Registered in 0.002457 seconds.
Begin MonoManager ReloadAssembly
Native extension for WindowsStandalone target not found
Native extension for OSXStandalone target not found
Native extension for WebGL target not found
Refreshing native plugins compatible for Editor in 1.20 ms, found 1 plugins.
Preloading 0 native plugins for Editor in 0.00 ms.
Invoked RoslynAnalysisRunner static constructor.
RoslynAnalysisRunner will not be running.
RoslynAnalysisRunner has terminated.
Mono: successfully reloaded assembly
- Completed reload, in  2.179 seconds
Platform modules already initialized, skipping
Refreshing native plugins compatible for Editor in 0.65 ms, found 1 plugins.
Preloading 0 native plugins for Editor in 0.00 ms.
Unloading 1629 Unused Serialized files (Serialized files now loaded: 0)
System memory in use before: 148.0 MB.
System memory in use after: 148.1 MB.

Unloading 28 unused Assets to reduce memory usage. Loaded Objects now: 2105.
Total: 3.757613 ms (FindLiveObjects: 1.246135 ms CreateObjectMapping: 0.105137 ms MarkObjects: 2.371849 ms  DeleteObjects: 0.030601 ms)

